<?xml version="1.0" encoding="UTF-8"?>
<!-- Generated by org.testng.reporters.JUnitReportReporter -->
<testsuite hostname="vignesh-laptop" failures="0" tests="1" name="runner.TestRunner" time="0.302" errors="0" timestamp="2021-07-03T01:22:38 IST" skipped="1">
  <testcase classname="runner.TestRunner" name="runScenario" time="0.302">
    <skipped/>
  </testcase> <!-- runScenario -->
  <system-out/>
</testsuite> <!-- runner.TestRunner -->
