<?xml version="1.0" encoding="UTF-8"?>
<!-- Generated by org.testng.reporters.JUnitReportReporter -->
<testsuite hostname="DESKTOP-AT2K5M2" failures="0" tests="1" name="utils.ExtentReport" time="0.004" errors="0" timestamp="2021-07-03T12:56:48 IST" skipped="0">
  <testcase classname="utils.ExtentReport" name="extentReportsDemo" time="0.004"/>
  <system-out/>
</testsuite> <!-- utils.ExtentReport -->
