<?xml version="1.0" encoding="UTF-8"?>
<!-- Generated by org.testng.reporters.JUnitReportReporter -->
<testsuite hostname="DESKTOP-AT2K5M2" failures="0" tests="1" name="qa.sauce.runner.TestRunner" time="13.544" errors="0" timestamp="2021-01-06T04:17:13 IST" skipped="0">
  <testcase classname="qa.sauce.runner.TestRunner" name="runScenario" time="13.544"/>
  <system-out/>
</testsuite> <!-- qa.sauce.runner.TestRunner -->
