<?xml version="1.0" encoding="UTF-8"?>
<!-- Generated by org.testng.reporters.JUnitReportReporter -->
<testsuite hostname="DESKTOP-AT2K5M2" failures="0" tests="1" name="qumu.runner.TestRunner" time="16.759" errors="0" timestamp="2021-01-09T16:06:58 IST" skipped="0">
  <testcase classname="qumu.runner.TestRunner" name="runScenario" time="16.759"/>
  <system-out/>
</testsuite> <!-- qumu.runner.TestRunner -->
