<?xml version="1.0" encoding="UTF-8"?>
<!-- Generated by org.testng.reporters.JUnitReportReporter -->
<testsuite skipped="0" hostname="DESKTOP-AT2K5M2" name="api.sample.apiTest_1" tests="2" failures="0" timestamp="2021-03-22T12:29:42 IST" time="3.365" errors="0">
  <testcase name="getWeather_normal" time="3.042" classname="api.sample.apiTest_1"/>
  <system-out/>
  <testcase name="getWeather_short" time="0.323" classname="api.sample.apiTest_1"/>
  <system-out/>
</testsuite> <!-- api.sample.apiTest_1 -->
