<?xml version="1.0" encoding="UTF-8"?>
<!-- Generated by org.testng.reporters.JUnitReportReporter -->
<testsuite hostname="DESKTOP-AT2K5M2" failures="0" tests="3" name="api.samples.api_test_1" time="3.390" errors="0" timestamp="2021-06-30T14:13:35 IST" skipped="0">
  <testcase classname="api.samples.api_test_1" name="rest_api_2" time="3.012"/>
  <system-out/>
  <testcase classname="api.samples.api_test_1" name="rest_api_1" time="0.117"/>
  <system-out/>
  <testcase classname="api.samples.api_test_1" name="rest_api_3" time="0.261"/>
  <system-out/>
</testsuite> <!-- api.samples.api_test_1 -->
