<?xml version="1.0" encoding="UTF-8"?>
<!-- Generated by org.testng.reporters.JUnitReportReporter -->
<testsuite skipped="0" hostname="DESKTOP-AT2K5M2" name="interview.sample.Fibonacci" tests="1" failures="0" timestamp="2021-03-20T16:33:15 IST" time="4.746" errors="0">
  <testcase name="fibon" time="4.746" classname="interview.sample.Fibonacci"/>
  <system-out/>
</testsuite> <!-- interview.sample.Fibonacci -->
