<?xml version="1.0" encoding="UTF-8"?>
<!-- Generated by org.testng.reporters.JUnitReportReporter -->
<testsuite hostname="DESKTOP-AT2K5M2" failures="0" tests="3" name="interview.sample.test_method_name" time="0.007" errors="0" timestamp="2021-07-03T14:56:56 IST" skipped="0">
  <testcase classname="interview.sample.test_method_name" name="test3" time="0.001"/>
  <system-out/>
  <testcase classname="interview.sample.test_method_name" name="test1" time="0.006"/>
  <system-out/>
  <testcase classname="interview.sample.test_method_name" name="test2" time="0.000"/>
  <system-out/>
</testsuite> <!-- interview.sample.test_method_name -->
