<?xml version="1.0" encoding="UTF-8"?>
<!-- Generated by org.testng.reporters.JUnitReportReporter -->
<testsuite skipped="0" hostname="DESKTOP-AT2K5M2" name="api.samples.api_test_1" tests="2" failures="0" timestamp="2021-03-30T16:46:26 IST" time="4.562" errors="0">
  <testcase name="rest_api_2" time="3.999" classname="api.samples.api_test_1"/>
  <system-out/>
  <testcase name="rest_api_1" time="0.563" classname="api.samples.api_test_1"/>
  <system-out/>
</testsuite> <!-- api.samples.api_test_1 -->
