<?xml version="1.0" encoding="UTF-8"?>
<!-- Generated by org.testng.reporters.JUnitReportReporter -->
<testsuite hostname="DV" failures="0" tests="1" name="interview.sample.Fibonacci" time="14.732" errors="0" timestamp="2021-06-10T16:17:16 IST" skipped="0">
  <testcase classname="interview.sample.Fibonacci" name="fibon" time="14.732"/>
  <system-out/>
</testsuite> <!-- interview.sample.Fibonacci -->
