<?xml version="1.0" encoding="UTF-8"?>
<!-- Generated by org.testng.reporters.JUnitReportReporter -->
<testsuite hostname="DESKTOP-AT2K5M2" failures="0" tests="1" name="api.samples.swagger_test_api" time="4.003" errors="0" timestamp="2021-07-12T13:27:09 IST" skipped="0">
  <testcase classname="api.samples.swagger_test_api" name="api1_test" time="4.003"/>
  <system-out/>
</testsuite> <!-- api.samples.swagger_test_api -->
