<?xml version="1.0" encoding="UTF-8"?>
<!-- Generated by org.testng.reporters.JUnitReportReporter -->
<testsuite skipped="0" hostname="DESKTOP-AT2K5M2" name="api.sample.apiTest_1" tests="2" failures="0" timestamp="2021-03-20T17:38:54 IST" time="3.518" errors="0">
  <testcase name="getWeather_short" time="0.406" classname="api.sample.apiTest_1"/>
  <system-out/>
  <testcase name="getWeather_normal" time="3.112" classname="api.sample.apiTest_1"/>
  <system-out/>
</testsuite> <!-- api.sample.apiTest_1 -->
