<?xml version="1.0" encoding="UTF-8"?>
<!-- Generated by org.testng.reporters.JUnitReportReporter -->
<testsuite hostname="DESKTOP-AT2K5M2" failures="0" tests="3" name="api.samples.api_test_1" time="2.801" errors="0" timestamp="2021-07-05T14:45:25 IST" skipped="0">
  <testcase classname="api.samples.api_test_1" name="rest_api_2" time="2.413"/>
  <system-out/>
  <testcase classname="api.samples.api_test_1" name="rest_api_1" time="0.112"/>
  <system-out/>
  <testcase classname="api.samples.api_test_1" name="rest_api_3" time="0.276"/>
  <system-out/>
</testsuite> <!-- api.samples.api_test_1 -->
