<?xml version="1.0" encoding="UTF-8"?>
<!-- Generated by org.testng.reporters.JUnitReportReporter -->
<testsuite skipped="0" hostname="DESKTOP-AT2K5M2" name="qumu.runner.TestRunner" tests="1" failures="0" timestamp="2021-01-09T19:02:05 IST" time="23.092" errors="0">
  <testcase name="runScenario" time="23.092" classname="qumu.runner.TestRunner"/>
  <system-out/>
</testsuite> <!-- qumu.runner.TestRunner -->
