<?xml version="1.0" encoding="UTF-8"?>
<!-- Generated by org.testng.reporters.JUnitReportReporter -->
<testsuite skipped="0" hostname="DESKTOP-AT2K5M2" name="qumu.runner.TestRunner" tests="1" failures="0" timestamp="2021-01-11T19:54:37 IST" time="19.077" errors="0">
  <testcase name="runScenario" time="19.077" classname="qumu.runner.TestRunner"/>
  <system-out/>
</testsuite> <!-- qumu.runner.TestRunner -->
