<?xml version="1.0" encoding="UTF-8"?>
<!-- Generated by org.testng.reporters.JUnitReportReporter -->
<testsuite hostname="DESKTOP-AT2K5M2" failures="0" tests="1" name="qumu.runner.TestRunner" time="13.063" errors="0" timestamp="2021-07-05T12:30:00 IST" skipped="0">
  <testcase classname="qumu.runner.TestRunner" name="runScenario" time="13.063"/>
  <system-out/>
</testsuite> <!-- qumu.runner.TestRunner -->
