<?xml version="1.0" encoding="UTF-8"?>
<!-- Generated by org.testng.reporters.JUnitReportReporter -->
<testsuite skipped="0" hostname="DESKTOP-AT2K5M2" name="testRunner.TestRunner" tests="1" failures="0" timestamp="2021-01-12T14:24:52 IST" time="9.283" errors="0">
  <testcase name="runScenario" time="9.283" classname="testRunner.TestRunner"/>
  <system-out/>
</testsuite> <!-- testRunner.TestRunner -->
