<?xml version="1.0" encoding="UTF-8"?>
<!-- Generated by org.testng.reporters.JUnitReportReporter -->
<testsuite skipped="0" hostname="DESKTOP-AT2K5M2" name="testRunner.TestRunner" tests="1" failures="0" timestamp="2021-01-22T14:14:51 IST" time="13.689" errors="0">
  <testcase name="runScenario" time="13.689" classname="testRunner.TestRunner"/>
  <system-out/>
</testsuite> <!-- testRunner.TestRunner -->
