<?xml version="1.0" encoding="UTF-8"?>
<!-- Generated by org.testng.reporters.JUnitReportReporter -->
<testsuite skipped="0" hostname="DESKTOP-AT2K5M2" name="testRunner.TestRunner" tests="1" failures="0" timestamp="2021-04-12T18:11:29 IST" time="10.621" errors="0">
  <testcase name="runScenario" time="10.621" classname="testRunner.TestRunner"/>
  <system-out/>
</testsuite> <!-- testRunner.TestRunner -->
